"../../../Engine/Content/Functions/Engine_MaterialFunctions01/Opacity/CameraDepthFade.uasset" 0
"../../../Engine/Content/EngineMaterials/T_Default_Material_Grid_M.uasset" 1
"../../../Engine/Content/EngineMaterials/T_Default_Material_Grid_N.uasset" 2
"../../../Engine/Content/EngineMaterials/WorldGridMaterial.uasset" 3
"../../../Engine/Content/ArtTools/RenderToTexture/Meshes/S_1_Unit_Plane.uasset" 4
"../../../Engine/Content/EngineMaterials/DefaultMaterial.uasset" 5
"../../../Engine/Content/BasicShapes/Cone.uasset" 6
"../../../Engine/Content/BasicShapes/Cylinder.uasset" 7
"../../../Engine/Content/BasicShapes/Sphere.uasset" 8
"../../../Engine/Content/EditorLandscapeResources/DataLayer.uasset" 9
"../../../Engine/Content/EditorMaterials/GizmoMaterial.uasset" 10
"../../../Engine/Content/EditorMaterials/MAT_Groups_Toggle.uasset" 11
"../../../Engine/Content/EditorMaterials/MAT_Groups_Visibility.uasset" 12
"../../../Engine/Content/EditorMaterials/PreviewShadowIndicator.uasset" 13
"../../../Engine/Content/EditorMaterials/PreviewShadowIndicatorMaterial.uasset" 14
"../../../Engine/Content/EditorMaterials/MatineeGroups/MAT_ColorTrack.uasset" 15
"../../../Engine/Content/EditorMaterials/MatineeGroups/MAT_Groups_Anim.uasset" 16
"../../../Engine/Content/EditorMaterials/MatineeGroups/MAT_Groups_AudioMaster.uasset" 17
"../../../Engine/Content/EditorMaterials/MatineeGroups/MAT_Groups_Director.uasset" 18
"../../../Engine/Content/EditorMaterials/MatineeGroups/MAT_Groups_Event.uasset" 19
"../../../Engine/Content/EditorMaterials/MatineeGroups/MAT_Groups_Fade.uasset" 20
"../../../Engine/Content/EditorMaterials/MatineeGroups/MAT_Groups_Float.uasset" 21
"../../../Engine/Content/EditorMaterials/MatineeGroups/MAT_Groups_Move.uasset" 22
"../../../Engine/Content/EditorMaterials/MatineeGroups/MAT_Groups_Slomo.uasset" 23
"../../../Engine/Content/EditorMaterials/MatineeGroups/MAT_Groups_Sound.uasset" 24
"../../../Engine/Content/EditorMaterials/MatineeGroups/MAT_Groups_Vector.uasset" 25
"../../../Engine/Content/EditorMaterials/ParticleSystems/PSysThumbnail_NoImage.uasset" 26
"../../../Engine/Content/EditorMaterials/ParticleSystems/PSysThumbnail_OOD.uasset" 27
"../../../Engine/Content/EditorMaterials/Camera/CineMat.uasset" 28
"../../../Engine/Content/EditorMaterials/Camera/MI_CineMat_Rig.uasset" 29
"../../../Engine/Content/EditorMeshes/Camera/SM_CraneRig_Arm.uasset" 30
"../../../Engine/Content/EditorMeshes/Camera/SM_CraneRig_Base.uasset" 31
"../../../Engine/Content/EditorMeshes/Camera/SM_CraneRig_Body.uasset" 32
"../../../Engine/Content/EditorMeshes/Camera/SM_CraneRig_Mount.uasset" 33
"../../../Engine/Content/EditorMeshes/Camera/SM_RailRig_Mount.uasset" 34
"../../../Engine/Content/EditorMeshes/Camera/SM_RailRig_Track.uasset" 35
"../../../Engine/Content/EditorResources/BSPVertex.uasset" 36
"../../../Engine/Content/EditorResources/EmptyActor.uasset" 37
"../../../Engine/Content/EditorResources/S_Actor.uasset" 38
"../../../Engine/Content/EditorResources/S_Trigger.uasset" 39
"../../../Engine/Content/EditorResources/LightIcons/S_LightError.uasset" 40
"../../../Engine/Content/EditorResources/SequenceRecorder/Countdown.uasset" 41
"../../../Engine/Content/EditorResources/SequenceRecorder/RecordingIndicator.uasset" 42
"../../../Engine/Content/EditorSounds/Notifications/CompileFailed.uasset" 43
"../../../Engine/Content/EditorSounds/Notifications/CompileFailed_Cue.uasset" 44
"../../../Engine/Content/EditorSounds/Notifications/CompileSuccess.uasset" 45
"../../../Engine/Content/EditorSounds/Notifications/CompileStart_Cue.uasset" 46
"../../../Engine/Content/EditorSounds/Notifications/CompileSuccess_Cue.uasset" 47
"../../../Engine/Content/EngineDamageTypes/DmgTypeBP_Environmental.uasset" 48
"../../../Engine/Content/EngineDebugMaterials/HeatmapGradient.uasset" 49
"../../../Engine/Content/EngineDebugMaterials/BoneWeightMaterial.uasset" 50
"../../../Engine/Content/EngineDebugMaterials/ClothMaterial.uasset" 51
"../../../Engine/Content/EngineDebugMaterials/ClothMaterial_WF.uasset" 52
"../../../Engine/Content/EngineDebugMaterials/DebugEditorMaterial.uasset" 53
"../../../Engine/Content/EngineDebugMaterials/DebugMeshMaterial.uasset" 54
"../../../Engine/Content/EngineDebugMaterials/GeomMaterial.uasset" 55
"../../../Engine/Content/EngineDebugMaterials/M_SimpleTranslucent.uasset" 56
"../../../Engine/Content/EngineFonts/Faces/RobotoBold.uasset" 57
"../../../Engine/Content/EngineFonts/Faces/RobotoBoldItalic.uasset" 58
"../../../Engine/Content/EngineFonts/Faces/RobotoItalic.uasset" 59
"../../../Engine/Content/EngineFonts/Faces/RobotoLight.uasset" 60
"../../../Engine/Content/EngineFonts/Faces/RobotoRegular.uasset" 61
"../../../Engine/Content/EngineFonts/Faces/RobotoTiny.uasset" 62
"../../../Engine/Content/EngineMaterials/BaseFlattenDiffuseMap.uasset" 63
"../../../Engine/Content/EngineMaterials/BaseFlattenEmissiveMap.uasset" 64
"../../../Engine/Content/EngineMaterials/BaseFlattenGrayscaleMap.uasset" 65
"../../../Engine/Content/EngineMaterials/BaseFlattenNormalMap.uasset" 66
"../../../Engine/Content/EngineMaterials/BaseFlattenMaterial.uasset" 67
"../../../Engine/Content/EngineMaterials/DefaultBloomKernel.uasset" 68
"../../../Engine/Content/EngineMaterials/DefaultBokeh.uasset" 69
"../../../Engine/Content/EngineMaterials/DefaultDiffuse.uasset" 70
"../../../Engine/Content/EngineMaterials/DefaultDeferredDecalMaterial.uasset" 71
"../../../Engine/Content/EngineMaterials/DefaultLightFunctionMaterial.uasset" 72
"../../../Engine/Content/EngineMaterials/DefaultPhysicalMaterial.uasset" 73
"../../../Engine/Content/Functions/Engine_MaterialFunctions02/Utility/BreakOutFloat2Components.uasset" 74
"../../../Engine/Content/EngineMaterials/DefaultPostProcessMaterial.uasset" 75
"../../../Engine/Content/EngineMaterials/DefaultTextMaterialOpaque.uasset" 76
"../../../Engine/Content/EngineMaterials/DefaultWhiteGrid.uasset" 77
"../../../Engine/Content/EngineMaterials/EditorBrushMaterial.uasset" 78
"../../../Engine/Content/EngineMaterials/Good64x64TilingNoiseHighFreq.uasset" 79
"../../../Engine/Content/EngineMaterials/MiniFont.uasset" 80
"../../../Engine/Content/EngineMaterials/InvalidLightmapSettings.uasset" 81
"../../../Engine/Content/EngineMaterials/M_InvalidLightmapSettings.uasset" 82
"../../../Engine/Content/Functions/Engine_MaterialFunctions02/WorldPositionOffset/CameraOffset.uasset" 83
"../../../Engine/Content/EngineMaterials/PhAT_JointLimitMaterial.uasset" 84
"../../../Engine/Content/EngineMaterials/PreintegratedSkinBRDF.uasset" 85
"../../../Engine/Content/EngineMaterials/RemoveSurfaceMaterial.uasset" 86
"../../../Engine/Content/EngineMaterials/WeightMapPlaceholderTexture.uasset" 87
"../../../Engine/Content/EngineResources/WhiteSquareTexture.uasset" 88
"../../../Engine/Content/EngineMaterials/Widget3DPassThrough.uasset" 89
"../../../Engine/Content/EngineMaterials/Widget3DPassThrough_Masked.uasset" 90
"../../../Engine/Content/EngineMaterials/Widget3DPassThrough_Opaque.uasset" 91
"../../../Engine/Content/EngineMaterials/Widget3DPassThrough_Masked_OneSided.uasset" 92
"../../../Engine/Content/EngineMaterials/Widget3DPassThrough_Opaque_OneSided.uasset" 93
"../../../Engine/Content/EngineMaterials/Widget3DPassThrough_Translucent.uasset" 94
"../../../Engine/Content/EngineMaterials/Widget3DPassThrough_Translucent_OneSided.uasset" 95
"../../../Engine/Content/EngineMeshes/Cube.uasset" 96
"../../../Engine/Content/EngineMeshes/Cylinder.uasset" 97
"../../../Engine/Content/EngineMeshes/Sphere.uasset" 98
"../../../Engine/Content/EngineResources/Black.uasset" 99
"../../../Engine/Content/EngineResources/DefaultTexture.uasset" 100
"../../../Engine/Content/EngineResources/DefaultTextureCube.uasset" 101
"../../../Engine/Content/EngineResources/DefaultVolumeTexture2D.uasset" 102
"../../../Engine/Content/EngineResources/DefaultVolumeTexture.uasset" 103
"../../../Engine/Content/EngineResources/GradientTexture0.uasset" 104
"../../../Engine/Content/EngineSounds/Master.uasset" 105
"../../../Engine/Content/Functions/Engine_MaterialFunctions01/Shading/ConvertFromDiffSpec.uasset" 106
"../../../Engine/Content/Functions/Engine_MaterialFunctions01/Shading/PowerToRoughness.uasset" 107
"../../../Engine/Content/Maps/Templates/Thumbnails/Default.uasset" 108
"../../../Engine/Content/Maps/Templates/Thumbnails/VR-Basic.uasset" 109
"../../../Engine/Content/MobileResources/T_MobileControls_texture.uasset" 110
"../../../Engine/Content/MobileResources/T_MobileMenu2.uasset" 111
"../../../Engine/Content/MobileResources/HUD/AnalogHat.uasset" 112
"../../../Engine/Content/MobileResources/HUD/VirtualJoystick_Background.uasset" 113
"../../../Engine/Content/MobileResources/HUD/VirtualJoystick_Thumb.uasset" 114
"../../../Engine/Content/MobileResources/HUD/DefaultVirtualJoysticks.uasset" 115
"../../../Engine/Content/MobileResources/HUD/LeftVirtualJoystickOnly.uasset" 116
"../../../Engine/Content/MobileResources/HUD/MobileHUDButton1_off.uasset" 117
"../../../Engine/Content/MobileResources/HUD/MobileHUDButton1_on.uasset" 118
"../../../Engine/Content/MobileResources/HUD/MobileHUDButton2_off.uasset" 119
"../../../Engine/Content/MobileResources/HUD/MobileHUDButton2_on.uasset" 120
"../../../Engine/Content/MobileResources/HUD/MobileHUDButton3.uasset" 121
"../../../Engine/Content/MobileResources/HUD/MobileHUDButtonFire.uasset" 122
"../../../Engine/Content/MobileResources/HUD/MobileHUDDirectionPad.uasset" 123
"../../../Engine/Content/MobileResources/HUD/MobileHUDDirectionPad2.uasset" 124
"../../../Engine/Content/MobileResources/HUD/MobileHUDDirectionPad3.uasset" 125
"../../../Engine/Content/MobileResources/HUD/MobileHUDDirectionStick.uasset" 126
"../../../Engine/Content/MobileResources/HUD/T_Castle_ThumbstickInner.uasset" 127
"../../../Engine/Content/MobileResources/HUD/T_Castle_ThumbstickOutter.uasset" 128
"../../../Engine/Content/Tutorial/ContentIntroCurve.uasset" 129
"../../../Engine/Content/Tutorial/Basics/TutorialAssets/icon_tab_Levels_40x.uasset" 130
"../../../Engine/Content/Tutorial/BlueprintTutorials/TutorialAssets/BlueprintInterface_64x.uasset" 131
"../../../Engine/Content/Tutorial/BlueprintTutorials/TutorialAssets/BlueprintMacroLibrary_64x.uasset" 132
"../../../Engine/Content/Tutorial/BlueprintTutorials/TutorialAssets/Blueprint_64x.uasset" 133
"../../../Engine/Content/Tutorial/BlueprintTutorials/TutorialAssets/Tutorial_BP_Interface.uasset" 134
"../../../Engine/Content/Tutorial/Foliage/TutorialAssets/Foliage.uasset" 135
"../../../Engine/Content/Tutorial/Landscape/TutorialAssets/Landscape.uasset" 136
"../../../Engine/Content/Tutorial/Paper2D/TutorialAssets/Paper2DSprite_TutorialIcon.uasset" 137
"../../../Engine/Content/Tutorial/SubEditors/TutorialAssets/TutorialMaterial.uasset" 138
"../../../Engine/Content/Tutorial/SubEditors/TutorialAssets/T_SmokeSubUV_8X8.uasset" 139
"../../../Engine/Content/Tutorial/SubEditors/TutorialAssets/T_soft_smoke.uasset" 140
"../../../Engine/Content/Tutorial/SubEditors/TutorialAssets/M_smoke_subUV_blackbody.uasset" 141
"../../../Engine/Content/Tutorial/SubEditors/TutorialAssets/TutorialParticleSystem.uasset" 142
"../../../Engine/Content/VREditor/LaserPointer/VR_LaserPower_01.uasset" 143
"../../../Engine/Content/VREditor/TransformGizmo/TransformGizmoMaterial.uasset" 144
"../../../Engine/Content/VREditor/TransformGizmo/TranslucentTransformGizmoMaterial.uasset" 145
"../../../Engine/Content/VREditor/TransformGizmo/BoundingBoxCorner.uasset" 146
"../../../Engine/Content/VREditor/TransformGizmo/BoundingBoxEdge.uasset" 147
"../../../Engine/Content/VREditor/TransformGizmo/PlaneTranslationHandle.uasset" 148
"../../../Engine/Content/VREditor/TransformGizmo/Main.uasset" 149
"../../../Engine/Content/VREditor/TransformGizmo/Xray.uasset" 150
"../../../Engine/Content/VREditor/TransformGizmo/SM_Sequencer_Key.uasset" 151
"../../../Engine/Content/VREditor/TransformGizmo/SM_Sequencer_Node.uasset" 152
"../../Plugins/2D/Paper2D/Content/PlaceholderTextures/DummySpriteTexture.uasset" 153
"../../Plugins/2D/Paper2D/Content/DummySprite.uasset" 154
"../../Plugins/2D/Paper2D/Content/DefaultPaperTerrainMaterial.uasset" 155
"../../Plugins/2D/Paper2D/Content/DefaultSpriteMaterial.uasset" 156
"../../Plugins/2D/Paper2D/Content/MaskedUnlitSpriteMaterial.uasset" 157
"../../Plugins/2D/Paper2D/Content/OpaqueUnlitSpriteMaterial.uasset" 158
"../../Plugins/Runtime/Oculus/OculusVR/Content/Materials/PokeAHoleMaterial.uasset" 159
"../../Plugins/Runtime/Oculus/OculusVR/Content/Textures/GearVRController_AO.uasset" 160
"../../Plugins/Runtime/Oculus/OculusVR/Content/Textures/GearVRController_Color.uasset" 161
"../../Plugins/Runtime/Oculus/OculusVR/Content/Textures/GearVRController_Normal.uasset" 162
"../../Plugins/Runtime/Oculus/OculusVR/Content/Materials/GearVRControllerMaterial.uasset" 163
"../../Plugins/Runtime/Oculus/OculusVR/Content/Meshes/GearVrController.uasset" 164
"../../Plugins/Runtime/Oculus/OculusVR/Content/Meshes/RiftHMD.uasset" 165
"A:/!GameDev/UE4/Pavlov/Advanced Movement/Racing 1.0/Content/CustomMaps/UGC2095206091/RacingGamemode/UI/Textures/Teleport.uasset" 166
"A:/!GameDev/UE4/Pavlov/Advanced Movement/Racing 1.0/Content/CustomMaps/UGC2095206091/RacingGamemode/RaceTrack/Teleport/TeleportDestination.uasset" 167
"../../../Engine/Content/EditorBlueprintResources/ActorMacros.uasset" 168
"../../../Engine/Content/EditorBlueprintResources/StandardMacros.uasset" 169
"A:/!GameDev/UE4/Pavlov/Advanced Movement/Racing 1.0/Content/CustomMaps/UGC2095206091/AdvancedMovement/Miscellaneous/JsonLibrary.uasset" 170
"A:/!GameDev/UE4/Pavlov/Advanced Movement/Racing 1.0/Content/CustomMaps/UGC2095206091/AdvancedMovement/Proxies/AdvancedMovement_PlayerInfo.uasset" 171
"A:/!GameDev/UE4/Pavlov/Advanced Movement/Racing 1.0/Content/CustomMaps/UGC2095206091/AdvancedMovement/Proxies/AdvancedMovement_GlobalInfo.uasset" 172
"A:/!GameDev/UE4/Pavlov/Advanced Movement/Racing 1.0/Plugins/CustomMapTools/Content/Examples/Proxies/BP_HandProxyExample.uasset" 173
"A:/!GameDev/UE4/Pavlov/Advanced Movement/Racing 1.0/Content/CustomMaps/UGC2095206091/AdvancedMovement/Proxies/AdvancedMovement_Interface.uasset" 174
"A:/!GameDev/UE4/Pavlov/Advanced Movement/Racing 1.0/Content/CustomMaps/UGC2095206091/AdvancedMovement/Proxies/AdvancedMovement_HandProxy.uasset" 175
"A:/!GameDev/UE4/Pavlov/Advanced Movement/Racing 1.0/Content/CustomMaps/UGC2095206091/AdvancedMovement/UI/Images/border.uasset" 176
"A:/!GameDev/UE4/Pavlov/Advanced Movement/Racing 1.0/Content/CustomMaps/UGC2095206091/AdvancedMovement/UI/Images/Button.uasset" 177
"A:/!GameDev/UE4/Pavlov/Advanced Movement/Racing 1.0/Content/CustomMaps/UGC2095206091/AdvancedMovement/UI/Images/SettingsIcon.uasset" 178
"A:/!GameDev/UE4/Pavlov/Advanced Movement/Racing 1.0/Content/CustomMaps/UGC2095206091/AdvancedMovement/UI/SettingsMenu.uasset" 179
"../../../Engine/Content/EngineMeshes/Humanoid.uasset" 180
"A:/!GameDev/UE4/Pavlov/Advanced Movement/Racing 1.0/Plugins/CustomMapTools/Content/Mannequin/Character/Mesh/UE4_Mannequin_Skeleton.uasset" 181
"A:/!GameDev/UE4/Pavlov/Advanced Movement/Racing 1.0/Plugins/CustomMapTools/Content/Mannequin/Character/Mesh/SK_Mannequin.uasset" 182
"A:/!GameDev/UE4/Pavlov/Advanced Movement/Racing 1.0/Content/CustomMaps/UGC2095206091/AdvancedMovement/Miscellaneous/Sounds/SW_Wind_RushingLoop1.uasset" 183
"../../Plugins/Runtime/Oculus/OculusVR/Content/Textures/touchController_albedo.uasset" 184
"../../Plugins/Runtime/Oculus/OculusVR/Content/Textures/touchController_controlmap.uasset" 185
"../../Plugins/Runtime/Oculus/OculusVR/Content/Materials/touchController_mat.uasset" 186
"../../Plugins/Runtime/Oculus/OculusVR/Content/Meshes/LeftTouchController.uasset" 187
"../../Plugins/Runtime/Oculus/OculusVR/Content/Meshes/RightTouchController.uasset" 188
"A:/!GameDev/UE4/Pavlov/Advanced Movement/Racing 1.0/Content/CustomMaps/UGC2095206091/AdvancedMovement/Proxies/AdvancedMovement_PlayerProxy.uasset" 189
"A:/!GameDev/UE4/Pavlov/Advanced Movement/Racing 1.0/Content/CustomMaps/UGC2095206091/RacingGamemode/Miscellaneous/PlayerScore.uasset" 190
"A:/!GameDev/UE4/Pavlov/Advanced Movement/Racing 1.0/Content/CustomMaps/UGC2095206091/RacingGamemode/UI/Entry_Leaderboard.uasset" 191
"A:/!GameDev/UE4/Pavlov/Advanced Movement/Racing 1.0/Content/CustomMaps/UGC2095206091/RacingGamemode/UI/Entry_PersonalBest.uasset" 192
"A:/!GameDev/UE4/Pavlov/Advanced Movement/Racing 1.0/Content/CustomMaps/UGC2095206091/RacingGamemode/UI/Leaderboard_Widget.uasset" 193
"A:/!GameDev/UE4/Pavlov/Advanced Movement/Racing 1.0/Content/CustomMaps/UGC2095206091/RacingGamemode/UI/Miscellaneous/Loading.uasset" 194
"A:/!GameDev/UE4/Pavlov/Advanced Movement/Racing 1.0/Content/CustomMaps/UGC2095206091/RacingGamemode/RaceTrack/ScoreboardPersonalBest.uasset" 195
"A:/!GameDev/UE4/Pavlov/Advanced Movement/Racing 1.0/Content/CustomMaps/UGC2095206091/RacingGamemode/Racing_Gamelogic.uasset" 196
"A:/!GameDev/UE4/Pavlov/Advanced Movement/Racing 1.0/Content/CustomMaps/UGC2095206091/RacingGamemode/Proxies/Racing_GlobalInfo.uasset" 197
"A:/!GameDev/UE4/Pavlov/Advanced Movement/Racing 1.0/Content/CustomMaps/UGC2095206091/RacingGamemode/UI/Miscellaneous/DonatorMenu.uasset" 198
"A:/!GameDev/UE4/Pavlov/Advanced Movement/Racing 1.0/Content/CustomMaps/UGC2095206091/RacingGamemode/Proxies/Racing_PlayerProxy.uasset" 199
"A:/!GameDev/UE4/Pavlov/Advanced Movement/Racing 1.0/Content/CustomMaps/UGC2095206091/RacingGamemode/RaceTrack/ScoreboardTop15.uasset" 200
"A:/!GameDev/UE4/Pavlov/Advanced Movement/Racing 1.0/Content/CustomMaps/UGC2095206091/RacingGamemode/Proxies/Racing_PlayerInfo.uasset" 201
"A:/!GameDev/UE4/Pavlov/Advanced Movement/Racing 1.0/Content/CustomMaps/UGC2095206091/RacingGamemode/RaceTrack/Timer.uasset" 202
"../../../Engine/Content/EngineSky/C_Sky_Cloud_Color.uasset" 203
"../../../Engine/Content/EngineSky/C_Sky_Horizon_Color.uasset" 204
"../../../Engine/Content/EngineSky/C_Sky_Zenith_Color.uasset" 205
"../../../Engine/Content/EngineSky/T_Sky_Blue.uasset" 206
"../../../Engine/Content/EngineSky/T_Sky_Clouds_M.uasset" 207
"../../../Engine/Content/EngineSky/T_Sky_Stars.uasset" 208
"../../../Engine/Content/EngineSky/M_Sky_Panning_Clouds2.uasset" 209
"../../../Engine/Content/EngineSky/SM_SkySphere.uasset" 210
"../../../Engine/Content/EngineSky/BP_Sky_Sphere.uasset" 211
"A:/!GameDev/UE4/Pavlov/Advanced Movement/Racing 1.0/Content/CustomMaps/UGC2095206091/AdvancedMovement/Interacting/Advanced_InteractBox.uasset" 212
"A:/!GameDev/UE4/Pavlov/Advanced Movement/Racing 1.0/Content/CustomMaps/UGC2095206091/AdvancedMovement/Climbing/Climbing_Box.uasset" 213
"A:/!GameDev/UE4/Pavlov/Advanced Movement/Racing 1.0/Content/CustomMaps/UGC2095206091/AdvancedMovement/Interacting/Advanced_InteractMesh.uasset" 214
"A:/!GameDev/UE4/Pavlov/Advanced Movement/Racing 1.0/Content/CustomMaps/UGC2095206091/AdvancedMovement/Climbing/Climbing_StaticMesh.uasset" 215
"../../../Engine/Content/BasicShapes/BasicShapeMaterial.uasset" 216
"A:/!GameDev/UE4/Pavlov/Advanced Movement/Racing 1.0/Plugins/CustomMapTools/Content/PhysicalMaterials/PM_ForceNone.uasset" 217
"A:/!GameDev/UE4/Pavlov/Advanced Movement/Racing 1.0/Content/CustomMaps/UGC2095206091/AdvancedMovementExamples/Materials/BasicColors/BasicColorMaster.uasset" 218
"A:/!GameDev/UE4/Pavlov/Advanced Movement/Racing 1.0/Content/CustomMaps/UGC2095206091/AdvancedMovementExamples/Materials/BasicColors/BasicRed.uasset" 219
"A:/!GameDev/UE4/Pavlov/Advanced Movement/Racing 1.0/Content/CustomMaps/UGC2095206091/AdvancedMovementExamples/Materials/BasicColors/BasicWhite.uasset" 220
"A:/!GameDev/UE4/Pavlov/Advanced Movement/Racing 1.0/Content/CustomMaps/UGC2095206091/AdvancedMovementExamples/Meshes/Dynamic_Box.uasset" 221
"A:/!GameDev/UE4/Pavlov/Advanced Movement/Racing 1.0/Content/CustomMaps/UGC2095206091/AdvancedMovementExamples/Climbing/ClimbableBox.uasset" 222
"A:/!GameDev/UE4/Pavlov/Advanced Movement/Racing 1.0/Content/CustomMaps/UGC2095206091/AdvancedMovementExamples/Climbing/ClimbableBoxWallDetection.uasset" 223
"A:/!GameDev/UE4/Pavlov/Advanced Movement/Racing 1.0/Content/CustomMaps/UGC2095206091/AdvancedMovementExamples/Meshes/LadderMesh.uasset" 224
"A:/!GameDev/UE4/Pavlov/Advanced Movement/Racing 1.0/Content/CustomMaps/UGC2095206091/AdvancedMovementExamples/Climbing/ClimbableMesh.uasset" 225
"A:/!GameDev/UE4/Pavlov/Advanced Movement/Racing 1.0/Content/CustomMaps/UGC2095206091/AdvancedMovementExamples/Climbing/Climbspin.uasset" 226
"A:/!GameDev/UE4/Pavlov/Advanced Movement/Racing 1.0/Content/CustomMaps/UGC2095206091/RacingGamemode/UI/Miscellaneous/Credits.uasset" 227
"A:/!GameDev/UE4/Pavlov/Advanced Movement/Racing 1.0/Content/CustomMaps/UGC2095206091/RacingGamemode/Credits.uasset" 228
"A:/!GameDev/UE4/Pavlov/Advanced Movement/Racing 1.0/Content/CustomMaps/UGC2095206091/RacingGamemode/Miscellaneous/Mirror/MirrorTexture.uasset" 229
"A:/!GameDev/UE4/Pavlov/Advanced Movement/Racing 1.0/Content/CustomMaps/UGC2095206091/RacingGamemode/Miscellaneous/Mirror/MirrorMat.uasset" 230
"../../../Engine/Content/BasicShapes/Plane.uasset" 231
"A:/!GameDev/UE4/Pavlov/Advanced Movement/Racing 1.0/Content/CustomMaps/UGC2095206091/RacingGamemode/Miscellaneous/Mirror/Mirror.uasset" 232
"A:/!GameDev/UE4/Pavlov/Advanced Movement/Racing 1.0/Content/CustomMaps/UGC2095206091/RacingGamemode/UI/Textures/Transparent_Texture.uasset" 233
"A:/!GameDev/UE4/Pavlov/Advanced Movement/Racing 1.0/Content/CustomMaps/UGC2095206091/RacingGamemode/UI/Textures/StartMat.uasset" 234
"../../../Engine/Content/BasicShapes/Cube.uasset" 235
"A:/!GameDev/UE4/Pavlov/Advanced Movement/Racing 1.0/Content/CustomMaps/UGC2095206091/RacingGamemode/RaceTrack/StartTime.uasset" 236
"A:/!GameDev/UE4/Pavlov/Advanced Movement/Racing 1.0/Content/CustomMaps/UGC2095206091/RacingGamemode/UI/Textures/StopMat.uasset" 237
"A:/!GameDev/UE4/Pavlov/Advanced Movement/Racing 1.0/Content/CustomMaps/UGC2095206091/RacingGamemode/RaceTrack/StopTime.uasset" 238
"A:/!GameDev/UE4/Pavlov/Advanced Movement/Racing 1.0/Content/CustomMaps/UGC2095206091/RacingGamemode/UI/Textures/TeleportMat.uasset" 239
"A:/!GameDev/UE4/Pavlov/Advanced Movement/Racing 1.0/Content/CustomMaps/UGC2095206091/RacingGamemode/RaceTrack/Teleport/Teleport.uasset" 240
"A:/!GameDev/UE4/Pavlov/Advanced Movement/Racing 1.0/Content/DeveloperMode/Mannequin/Character/Mesh/SK_Mannequin_Arms_Skeleton.uasset" 241
"A:/!GameDev/UE4/Pavlov/Advanced Movement/Racing 1.0/Content/DeveloperMode/Mannequin/Animations/FirstPerson_Idle.uasset" 242
"A:/!GameDev/UE4/Pavlov/Advanced Movement/Racing 1.0/Content/DeveloperMode/Mannequin/Animations/FirstPerson_JumpEnd.uasset" 243
"A:/!GameDev/UE4/Pavlov/Advanced Movement/Racing 1.0/Content/DeveloperMode/Mannequin/Animations/FirstPerson_JumpLoop.uasset" 244
"A:/!GameDev/UE4/Pavlov/Advanced Movement/Racing 1.0/Content/DeveloperMode/Mannequin/Animations/FirstPerson_JumpStart.uasset" 245
"A:/!GameDev/UE4/Pavlov/Advanced Movement/Racing 1.0/Content/DeveloperMode/Mannequin/Animations/FirstPerson_Run.uasset" 246
"A:/!GameDev/UE4/Pavlov/Advanced Movement/Racing 1.0/Content/DeveloperMode/Mannequin/Animations/FirstPerson_AnimBP.uasset" 247
"A:/!GameDev/UE4/Pavlov/Advanced Movement/Racing 1.0/Content/DeveloperMode/Mannequin/Character/Mesh/MannequinHand_Right_Skeleton.uasset" 248
"A:/!GameDev/UE4/Pavlov/Advanced Movement/Racing 1.0/Content/DeveloperMode/Mannequin/Animations/MannequinHand_Right_CanGrab.uasset" 249
"A:/!GameDev/UE4/Pavlov/Advanced Movement/Racing 1.0/Content/DeveloperMode/Mannequin/Animations/MannequinHand_Right_Grab.uasset" 250
"A:/!GameDev/UE4/Pavlov/Advanced Movement/Racing 1.0/Content/DeveloperMode/Mannequin/Animations/MannequinHand_Right_Open.uasset" 251
"A:/!GameDev/UE4/Pavlov/Advanced Movement/Racing 1.0/Content/DeveloperMode/Mannequin/Animations/RightGrip_BS.uasset" 252
"A:/!GameDev/UE4/Pavlov/Advanced Movement/Racing 1.0/Content/DeveloperMode/Mannequin/Animations/GripEnum.uasset" 253
"A:/!GameDev/UE4/Pavlov/Advanced Movement/Racing 1.0/Content/DeveloperMode/Mannequin/Animations/RightHand_AnimBP.uasset" 254
"A:/!GameDev/UE4/Pavlov/Advanced Movement/Racing 1.0/Content/DeveloperMode/Mannequin/Character/Mesh/UE4_Mannequin_Skeleton.uasset" 255
"A:/!GameDev/UE4/Pavlov/Advanced Movement/Racing 1.0/Content/DeveloperMode/Mannequin/Animations/ThirdPerson_Jump.uasset" 256
"A:/!GameDev/UE4/Pavlov/Advanced Movement/Racing 1.0/Content/DeveloperMode/Mannequin/Animations/ThirdPersonJump_Loop.uasset" 257
"A:/!GameDev/UE4/Pavlov/Advanced Movement/Racing 1.0/Content/DeveloperMode/Mannequin/Animations/ThirdPersonJump_Start.uasset" 258
"A:/!GameDev/UE4/Pavlov/Advanced Movement/Racing 1.0/Content/DeveloperMode/Mannequin/Animations/ThirdPersonIdle.uasset" 259
"A:/!GameDev/UE4/Pavlov/Advanced Movement/Racing 1.0/Content/DeveloperMode/Mannequin/Animations/ThirdPersonRun.uasset" 260
"A:/!GameDev/UE4/Pavlov/Advanced Movement/Racing 1.0/Content/DeveloperMode/Mannequin/Animations/ThirdPersonWalk.uasset" 261
"A:/!GameDev/UE4/Pavlov/Advanced Movement/Racing 1.0/Content/DeveloperMode/Mannequin/Animations/ThirdPerson_IdleRun_2D.uasset" 262
"A:/!GameDev/UE4/Pavlov/Advanced Movement/Racing 1.0/Content/DeveloperMode/Mannequin/Animations/ThirdPerson_AnimBP.uasset" 263
"A:/!GameDev/UE4/Pavlov/Advanced Movement/Racing 1.0/Content/DeveloperMode/Mannequin/Animations/FirstPerson_Fire.uasset" 264
"A:/!GameDev/UE4/Pavlov/Advanced Movement/Racing 1.0/Content/DeveloperMode/Mannequin/Animations/FirstPersonFire_Montage.uasset" 265
"A:/!GameDev/UE4/Pavlov/Advanced Movement/Racing 1.0/Content/DeveloperMode/Pawn/BulletFade.uasset" 266
"A:/!GameDev/UE4/Pavlov/Advanced Movement/Racing 1.0/Content/DeveloperMode/Pawn/BulletTrace2.uasset" 267
"A:/!GameDev/UE4/Pavlov/Advanced Movement/Racing 1.0/Content/DeveloperMode/Pawn/FirstPersonProjectile.uasset" 268
"A:/!GameDev/UE4/Pavlov/Advanced Movement/Racing 1.0/Content/DeveloperMode/Mannequin/Character/Textures/UE4_Mannequin__normals.uasset" 269
"A:/!GameDev/UE4/Pavlov/Advanced Movement/Racing 1.0/Content/DeveloperMode/Mannequin/Character/Textures/UE4_Mannequin_MAT_MASKA.uasset" 270
"A:/!GameDev/UE4/Pavlov/Advanced Movement/Racing 1.0/Content/DeveloperMode/Mannequin/Character/Materials/M_HandMat.uasset" 271
"A:/!GameDev/UE4/Pavlov/Advanced Movement/Racing 1.0/Content/DeveloperMode/Mannequin/Character/Mesh/MannequinHand_Right_PhysicsAsset.uasset" 272
"A:/!GameDev/UE4/Pavlov/Advanced Movement/Racing 1.0/Content/DeveloperMode/Mannequin/Character/Mesh/MannequinHand_Right.uasset" 273
"../../../Engine/Content/Functions/Engine_MaterialFunctions02/Utility/BlendAngleCorrectedNormals.uasset" 274
"../../../Engine/Content/Functions/MaterialLayerFunctions/MatLayerBlend_NormalBlend.uasset" 275
"../../../Engine/Content/Functions/MaterialLayerFunctions/MatLayerBlend_Simple.uasset" 276
"A:/!GameDev/UE4/Pavlov/Advanced Movement/Racing 1.0/Content/DeveloperMode/Mannequin/Character/Materials/MaterialLayers/T_ML_Rubber_Blue_01_D.uasset" 277
"A:/!GameDev/UE4/Pavlov/Advanced Movement/Racing 1.0/Content/DeveloperMode/Mannequin/Character/Materials/MaterialLayers/T_ML_Rubber_Blue_01_N.uasset" 278
"A:/!GameDev/UE4/Pavlov/Advanced Movement/Racing 1.0/Content/DeveloperMode/Mannequin/Character/Materials/MaterialLayers/ML_GlossyBlack_Latex_UE4.uasset" 279
"A:/!GameDev/UE4/Pavlov/Advanced Movement/Racing 1.0/Content/DeveloperMode/Mannequin/Character/Materials/MaterialLayers/ML_Plastic_Shiny_Beige.uasset" 280
"A:/!GameDev/UE4/Pavlov/Advanced Movement/Racing 1.0/Content/DeveloperMode/Mannequin/Character/Textures/UE4_LOGO_CARD.uasset" 281
"A:/!GameDev/UE4/Pavlov/Advanced Movement/Racing 1.0/Content/DeveloperMode/Mannequin/Character/Materials/MaterialLayers/ML_Plastic_Shiny_Beige_LOGO.uasset" 282
"A:/!GameDev/UE4/Pavlov/Advanced Movement/Racing 1.0/Content/DeveloperMode/Mannequin/Character/Materials/MaterialLayers/T_ML_Aluminum01.uasset" 283
"A:/!GameDev/UE4/Pavlov/Advanced Movement/Racing 1.0/Content/DeveloperMode/Mannequin/Character/Materials/MaterialLayers/T_ML_Aluminum01_N.uasset" 284
"A:/!GameDev/UE4/Pavlov/Advanced Movement/Racing 1.0/Content/DeveloperMode/Mannequin/Character/Materials/MaterialLayers/ML_SoftMetal_UE4.uasset" 285
"A:/!GameDev/UE4/Pavlov/Advanced Movement/Racing 1.0/Content/DeveloperMode/Mannequin/Character/Materials/M_UE4Man_Body.uasset" 286
"A:/!GameDev/UE4/Pavlov/Advanced Movement/Racing 1.0/Content/DeveloperMode/Mannequin/Character/Textures/UE4Man_Logo_N.uasset" 287
"A:/!GameDev/UE4/Pavlov/Advanced Movement/Racing 1.0/Content/DeveloperMode/Mannequin/Character/Materials/M_UE4Man_ChestLogo.uasset" 288
"A:/!GameDev/UE4/Pavlov/Advanced Movement/Racing 1.0/Content/DeveloperMode/Mannequin/Character/Mesh/SK_Mannequin_PhysicsAsset.uasset" 289
"A:/!GameDev/UE4/Pavlov/Advanced Movement/Racing 1.0/Content/DeveloperMode/Mannequin/Character/Mesh/SK_Mannequin.uasset" 290
"A:/!GameDev/UE4/Pavlov/Advanced Movement/Racing 1.0/Content/DeveloperMode/Mannequin/Character/Mesh/SK_Mannequin_Arms_PhysicsAsset.uasset" 291
"A:/!GameDev/UE4/Pavlov/Advanced Movement/Racing 1.0/Content/DeveloperMode/Mannequin/Character/Mesh/SK_Mannequin_Arms.uasset" 292
"A:/!GameDev/UE4/Pavlov/Advanced Movement/Racing 1.0/Content/DeveloperMode/Pawn/Audio/FirstPersonTemplateWeaponFire02.uasset" 293
"A:/!GameDev/UE4/Pavlov/Advanced Movement/Racing 1.0/Content/DeveloperMode/Weapon/Materials/MaterialLayers/T_ML_Rubber_Blue_01_D.uasset" 294
"A:/!GameDev/UE4/Pavlov/Advanced Movement/Racing 1.0/Content/DeveloperMode/Weapon/Materials/MaterialLayers/T_ML_Rubber_Blue_01_N.uasset" 295
"A:/!GameDev/UE4/Pavlov/Advanced Movement/Racing 1.0/Content/DeveloperMode/Weapon/Materials/MaterialLayers/ML_GlossyBlack_Latex_UE4.uasset" 296
"A:/!GameDev/UE4/Pavlov/Advanced Movement/Racing 1.0/Content/DeveloperMode/Weapon/Materials/MaterialLayers/ML_Plastic_Shiny_Beige.uasset" 297
"A:/!GameDev/UE4/Pavlov/Advanced Movement/Racing 1.0/Content/DeveloperMode/Weapon/Materials/MaterialLayers/ML_Screen.uasset" 298
"A:/!GameDev/UE4/Pavlov/Advanced Movement/Racing 1.0/Content/DeveloperMode/Weapon/Materials/MaterialLayers/T_ML_Aluminum01.uasset" 299
"A:/!GameDev/UE4/Pavlov/Advanced Movement/Racing 1.0/Content/DeveloperMode/Weapon/Materials/MaterialLayers/T_ML_Aluminum01_N.uasset" 300
"A:/!GameDev/UE4/Pavlov/Advanced Movement/Racing 1.0/Content/DeveloperMode/Weapon/Materials/MaterialLayers/ML_SoftMetal_UE4.uasset" 301
"A:/!GameDev/UE4/Pavlov/Advanced Movement/Racing 1.0/Content/DeveloperMode/Weapon/Textures/T_FPGun_M.uasset" 302
"A:/!GameDev/UE4/Pavlov/Advanced Movement/Racing 1.0/Content/DeveloperMode/Weapon/Textures/T_FPGun_N.uasset" 303
"A:/!GameDev/UE4/Pavlov/Advanced Movement/Racing 1.0/Content/DeveloperMode/Weapon/Materials/M_FPGun.uasset" 304
"A:/!GameDev/UE4/Pavlov/Advanced Movement/Racing 1.0/Content/DeveloperMode/Weapon/Mesh/SK_FPGun_Skeleton.uasset" 305
"A:/!GameDev/UE4/Pavlov/Advanced Movement/Racing 1.0/Content/DeveloperMode/Weapon/Mesh/SK_FPGun.uasset" 306
"A:/!GameDev/UE4/Pavlov/Advanced Movement/Racing 1.0/Content/DeveloperMode/Pawn/FirstPersonCharacter.uasset" 307
"A:/!GameDev/UE4/Pavlov/Advanced Movement/Racing 1.0/Content/CustomMaps/UGC2095206091/RacingGamemode/RacingExampleMap_BuiltData.uasset" 308
"A:/!GameDev/UE4/Pavlov/Advanced Movement/Racing 1.0/Content/CustomMaps/UGC2095206091/AdvancedMovementExamples/Materials/BasicColors/Transparent_Texture.uasset" 309
"A:/!GameDev/UE4/Pavlov/Advanced Movement/Racing 1.0/Content/CustomMaps/UGC2095206091/AdvancedMovementExamples/Materials/BasicColors/BasicGreen.uasset" 310
"A:/!GameDev/UE4/Pavlov/Advanced Movement/Racing 1.0/Content/CustomMaps/UGC2095206091/AdvancedMovementExamples/Meshes/Dynamic_BoxCentered.uasset" 311
"A:/!GameDev/UE4/Pavlov/Advanced Movement/Racing 1.0/Content/CustomMaps/UGC2095206091/definition.uasset" 312
"A:/!GameDev/UE4/Pavlov/Advanced Movement/Racing 1.0/Content/CustomMaps/UGC2095206091/RacingGamemode/RacingExampleMap.umap" 313
"../../../Engine/Content/Maps/Entry_BuiltData.uasset" 314
"../../../Engine/Content/Maps/Entry.umap" 315
"../../../Engine/Content/Maps/Templates/Template_Default_BuiltData.uasset" 316
"../../../Engine/Content/MapTemplates/SM_Template_Map_Floor.uasset" 317
"../../../Engine/Content/Maps/Templates/Template_Default.umap" 318
